
ASEM-51 V1.3                                         Copyright (c) 2002 by W.W. Heinz                                         PAGE 1





       MCS-51 Family Macro Assembler   A S E M - 5 1   V 1.3
       =====================================================



	Source File:	C:\Users\adlercohen\Documents\Academic\Embedded_Systems\Project\Code_Sample_1.asm
	Object File:	C:\Users\adlercohen\Documents\Academic\Embedded_Systems\Project\Code_Sample_1.hex
	List File:	C:\Users\adlercohen\Documents\Academic\Embedded_Systems\Project\Code_Sample_1.lst



 Line  I  Addr  Code            Source

    1:				; Water dispenser
    2:		B      0095	TRIG EQU P1.5   ; Define trigger pin
    3:		B      0094	ECHO EQU P1.4   ; Define echo pin
    4:		B      0096	RELAY EQU P1.6  ; Define relay pin
    5:
    6:		N	 30	DSEG AT 30H     ; Data segment
    7:				TIME  DS 2      ; Store time value
				      ^
			  @@@@@ illegal statement syntax @@@@@

    8:				DIST  DS 2      ; Store distance value
				      ^
			  @@@@@ illegal statement syntax @@@@@

    9:
   10:				CSEG            ; Code segment
   11:				; Initialization
   12:	  0000			INIT:
   13:	  0000	75 81 60	    MOV SP, #60H   ; Initialize stack pointer
   14:	  0003	75 89 01	    MOV TMOD, #01H ; Set Timer 0 in mode 1 (16-bit timer)
   15:	  0006	D2 95		    SETB TRIG       ; Set trigger pin high
   16:	  0008	C2 95		    CLR TRIG        ; Clear trigger pin low
   17:	  000A	D2 AF		    SETB EA         ; Enable global interrupts
   18:
   19:				; Main loop
   20:	  000C			MAIN:
   21:	  000C	12 00 1C	    CALL MEASURE    ; Measure distance
   22:	  000F	E5 00		    MOV A, DIST     ; Load distance value
					   ^
			  @@@@@ symbol not defined @@@@@

   23:	  0011	B4 05 00	    CJNE A, #05H, HIGH ; If distance >= 5, go to HIGH
						       ^
			  @@@@@ operand expected @@@@@

   24:	  0014	C2 96		    CLR RELAY       ; Clear relay pin (turn relay off)
   25:	  0016	80 F4		    SJMP MAIN       ; Loop back to MAIN
   26:
   27:				HIGH:
				^
			  @@@@@ illegal statement syntax @@@@@

   28:	  0018	D2 96		    SETB RELAY      ; Set relay pin (turn relay on)

ASEM-51 V1.3                                         Copyright (c) 2002 by W.W. Heinz                                         PAGE 2



 Line  I  Addr  Code            Source

   29:	  001A	80 F0		    SJMP MAIN       ; Loop back to MAIN
   30:
   31:				; Measure distance
   32:	  001C			MEASURE:
   33:	  001C	C2 8C		    CLR TR0         ; Stop Timer 0
   34:	  001E	75 8C 00	    MOV TH0, #0     ; Clear Timer 0 high byte
   35:	  0021	75 8A 00	    MOV TL0, #0     ; Clear Timer 0 low byte
   36:	  0024	D2 95		    SETB TRIG       ; Set trigger pin high
   37:	  0026	00		    NOP             ; Short delay
   38:	  0027	C2 95		    CLR TRIG        ; Clear trigger pin low
   39:	  0029	30 94 FD	    JNB ECHO, $     ; Wait for echo pin to go high
   40:	  002C	D2 8C		    SETB TR0        ; Start Timer 0
   41:	  002E	30 94 FD	    JNB ECHO, $     ; Wait for echo pin to go low
   42:	  0031	C2 8C		    CLR TR0         ; Stop Timer 0
   43:	  0033	85 8A 00	    MOV TIME, TL0   ; Store time value in low byte
					^
			  @@@@@ symbol not defined @@@@@

   44:	  0036	85 8C 00	    MOV TIME+1, TH0 ; Store time value in high byte
					^
			  @@@@@ symbol not defined @@@@@

   45:	  0039	E5 00		    MOV A, TIME     ; Load time value
					   ^
			  @@@@@ symbol not defined @@@@@

   46:	  003B	75 F0 3A	    MOV B, #58      ; Load divisor (58 = 1/0.034 * 2)
   47:	  003E	84		    DIV AB          ; Divide time by 58 (distance in cm)
   48:	  003F	F5 00		    MOV DIST, A     ; Store distance value
					^
			  @@@@@ symbol not defined @@@@@

   49:	  0041	22		    RET             ; Return from subroutine
   50:				END





                     register banks used:  ---

                     9 errors detected




ASEM-51 V1.3                                         Copyright (c) 2002 by W.W. Heinz                                         PAGE 3





	       L I S T   O F   S Y M B O L S
	       =============================


SYMBOL				  TYPE     VALUE	LINE
------------------------------------------------------------
??ASEM_51			  NUMBER    8051
??VERSION			  NUMBER    0130
AC				  BIT	      D6
ACC				  DATA	      E0
B				  DATA	      F0
CY				  BIT	      D7
DPH				  DATA	      83
DPL				  DATA	      82
EA				  BIT	      AF
ECHO				  NUMBER    0094	   3
ES				  BIT	      AC
ET0				  BIT	      A9
ET1				  BIT	      AB
EX0				  BIT	      A8
EX1				  BIT	      AA
EXTI0				  CODE	    0003
EXTI1				  CODE	    0013
F0				  BIT	      D5
IE				  DATA	      A8
IE0				  BIT	      89
IE1				  BIT	      8B
INIT				  CODE	    0000	  12
INT0				  BIT	      B2
INT1				  BIT	      B3
IP				  DATA	      B8
IT0				  BIT	      88
IT1				  BIT	      8A
MAIN				  CODE	    000C	  20
MEASURE				  CODE	    001C	  32
OV				  BIT	      D2
P				  BIT	      D0
P0				  DATA	      80
P1				  DATA	      90
P2				  DATA	      A0
P3				  DATA	      B0
PCON				  DATA	      87
PS				  BIT	      BC
PSW				  DATA	      D0
PT0				  BIT	      B9
PT1				  BIT	      BB
PX0				  BIT	      B8
PX1				  BIT	      BA
RB8				  BIT	      9A
RD				  BIT	      B7
RELAY				  NUMBER    0096	   4
REN				  BIT	      9C
RESET				  CODE	    0000
RI				  BIT	      98
RS0				  BIT	      D3
RS1				  BIT	      D4

ASEM-51 V1.3                                         Copyright (c) 2002 by W.W. Heinz                                         PAGE 4



SYMBOL				  TYPE     VALUE	LINE
------------------------------------------------------------
RXD				  BIT	      B0
SBUF				  DATA	      99
SCON				  DATA	      98
SINT				  CODE	    0023
SM0				  BIT	      9F
SM1				  BIT	      9E
SM2				  BIT	      9D
SP				  DATA	      81
T0				  BIT	      B4
T1				  BIT	      B5
TB8				  BIT	      9B
TCON				  DATA	      88
TF0				  BIT	      8D
TF1				  BIT	      8F
TH0				  DATA	      8C
TH1				  DATA	      8D
TI				  BIT	      99
TIMER0				  CODE	    000B
TIMER1				  CODE	    001B
TL0				  DATA	      8A
TL1				  DATA	      8B
TMOD				  DATA	      89
TR0				  BIT	      8C
TR1				  BIT	      8E
TRIG				  NUMBER    0095	   2
TXD				  BIT	      B1
WR				  BIT	      B6
