
ASEM-51 V1.3                                         Copyright (c) 2002 by W.W. Heinz                                         PAGE 1





       MCS-51 Family Macro Assembler   A S E M - 5 1   V 1.3
       =====================================================



	Source File:	C:\Users\adlercohen\Documents\Academic\Microprocessors and Mircrocontrollers\Group Work\SAMPLE_2.asm
	Object File:	C:\Users\adlercohen\Documents\Academic\Microprocessors and Mircrocontrollers\Group Work\SAMPLE_2.hex
	List File:	C:\Users\adlercohen\Documents\Academic\Microprocessors and Mircrocontrollers\Group Work\SAMPLE_2.lst



 Line  I  Addr  Code            Source

    1:	  0000	74 00		MOV A, #00h
    2:	  0002	C2 80		CLR P0.0
    3:	  0004	C2 81		CLR P0.1
    4:	  0006	C2 82		CLR P0.2
    5:	  0008	C2 83		CLR P0.3
    6:	  000A			MainLoop:
    7:	  000A	20 90 02	JB P1.0, CheckSwitch
    8:	  000D	80 FB		SJMP MainLoop
    9:
   10:	  000F			CheckSwitch:
   11:	  000F	04		INC A
   12:	  0010	54 03		ANL A, #03h
   13:	  0012	B4 00 0A	CJNE A, #00h, NextLED
   14:	  0015	D2 80		SETB P0.0
   15:	  0017	C2 81		CLR P0.1
   16:	  0019	C2 82		CLR P0.2
   17:	  001B	C2 83		CLR P0.3
   18:	  001D	80 EB		SJMP MainLoop
   19:
   20:	  001F			NextLED:
   21:	  001F	B4 01 0A	CJNE A, #01h, NextLED2
   22:	  0022	C2 80		CLR P0.0
   23:	  0024	D2 81		SETB P0.1
   24:	  0026	C2 82		CLR P0.2
   25:	  0028	C2 83		CLR P0.3
   26:	  002A	80 DE		SJMP MainLoop
   27:
   28:	  002C			NextLED2:
   29:	  002C	B4 02 0A	CJNE A, #02h, NextLED3
   30:	  002F	C2 80		CLR P0.0
   31:	  0031	C2 81		CLR P0.1
   32:	  0033	D2 82		SETB P0.2
   33:	  0035	C2 83		CLR P0.3
   34:	  0037	80 D1		SJMP MainLoop
   35:
   36:	  0039			NextLED3:
   37:	  0039	C2 80		CLR P0.0
   38:	  003B	C2 81		CLR P0.1
   39:	  003D	C2 82		CLR P0.2
   40:	  003F	D2 83		SETB P0.3
   41:	  0041	80 C7		SJMP MainLoop
   42:				END


ASEM-51 V1.3                                         Copyright (c) 2002 by W.W. Heinz                                         PAGE 2







                     register banks used:  ---

                     no errors




ASEM-51 V1.3                                         Copyright (c) 2002 by W.W. Heinz                                         PAGE 3





	       L I S T   O F   S Y M B O L S
	       =============================


SYMBOL				  TYPE     VALUE	LINE
------------------------------------------------------------
??ASEM_51			  NUMBER    8051
??VERSION			  NUMBER    0130
AC				  BIT	      D6
ACC				  DATA	      E0
B				  DATA	      F0
CHECKSWITCH			  CODE	    000F	  10
CY				  BIT	      D7
DPH				  DATA	      83
DPL				  DATA	      82
EA				  BIT	      AF
ES				  BIT	      AC
ET0				  BIT	      A9
ET1				  BIT	      AB
EX0				  BIT	      A8
EX1				  BIT	      AA
EXTI0				  CODE	    0003
EXTI1				  CODE	    0013
F0				  BIT	      D5
IE				  DATA	      A8
IE0				  BIT	      89
IE1				  BIT	      8B
INT0				  BIT	      B2
INT1				  BIT	      B3
IP				  DATA	      B8
IT0				  BIT	      88
IT1				  BIT	      8A
MAINLOOP			  CODE	    000A	   6
NEXTLED				  CODE	    001F	  20
NEXTLED2			  CODE	    002C	  28
NEXTLED3			  CODE	    0039	  36
OV				  BIT	      D2
P				  BIT	      D0
P0				  DATA	      80
P1				  DATA	      90
P2				  DATA	      A0
P3				  DATA	      B0
PCON				  DATA	      87
PS				  BIT	      BC
PSW				  DATA	      D0
PT0				  BIT	      B9
PT1				  BIT	      BB
PX0				  BIT	      B8
PX1				  BIT	      BA
RB8				  BIT	      9A
RD				  BIT	      B7
REN				  BIT	      9C
RESET				  CODE	    0000
RI				  BIT	      98
RS0				  BIT	      D3
RS1				  BIT	      D4

ASEM-51 V1.3                                         Copyright (c) 2002 by W.W. Heinz                                         PAGE 4



SYMBOL				  TYPE     VALUE	LINE
------------------------------------------------------------
RXD				  BIT	      B0
SBUF				  DATA	      99
SCON				  DATA	      98
SINT				  CODE	    0023
SM0				  BIT	      9F
SM1				  BIT	      9E
SM2				  BIT	      9D
SP				  DATA	      81
T0				  BIT	      B4
T1				  BIT	      B5
TB8				  BIT	      9B
TCON				  DATA	      88
TF0				  BIT	      8D
TF1				  BIT	      8F
TH0				  DATA	      8C
TH1				  DATA	      8D
TI				  BIT	      99
TIMER0				  CODE	    000B
TIMER1				  CODE	    001B
TL0				  DATA	      8A
TL1				  DATA	      8B
TMOD				  DATA	      89
TR0				  BIT	      8C
TR1				  BIT	      8E
TXD				  BIT	      B1
WR				  BIT	      B6
