
ASEM-51 V1.3                                         Copyright (c) 2002 by W.W. Heinz                                         PAGE 1





       MCS-51 Family Macro Assembler   A S E M - 5 1   V 1.3
       =====================================================



	Source File:	C:\Users\adlercohen\Documents\Academic\Microprocessors and Mircrocontrollers\Group Work\SAMPLE.asm
	Object File:	C:\Users\adlercohen\Documents\Academic\Microprocessors and Mircrocontrollers\Group Work\SAMPLE.hex
	List File:	C:\Users\adlercohen\Documents\Academic\Microprocessors and Mircrocontrollers\Group Work\SAMPLE.lst



 Line  I  Addr  Code            Source

    1:		N      0000	ORG 000H
    2:	  0000	01 30		AJMP Start
    3:		N      0030	ORG 30H
    4:
    5:	  0030			Start:
    6:	  0030	D2 80		    setb P0.0
    7:	  0032	D2 81		    setb P0.1
    8:	  0034	D2 82		    setb P0.2
    9:	  0036	D2 83		    setb P0.3
   10:	  0038	D2 90		    setb P1.0
   11:	  003A	20 90 02	    JB P1.0, CheckLED ; Jump if switch is pressed
   12:	  003D	80 F1		    SJMP Start
   13:
   14:	  003F			CheckLED:
   15:	  003F	20 80 0A	    JB P0.0, Next1
   16:	  0042	20 81 0D	    JB P0.1, Next2
   17:	  0045	20 82 10	    JB P0.2, Next3
   18:	  0048	D2 80		    SETB P0.0
   19:	  004A	80 16		    SJMP Delay
   20:
   21:	  004C			Next1:
   22:	  004C	C2 80		    CLR P0.0
   23:	  004E	D2 81		    SETB P0.1
   24:	  0050	80 10		    SJMP Delay
   25:
   26:	  0052			Next2:
   27:	  0052	C2 81		    CLR P0.1
   28:	  0054	D2 82		    SETB P0.2
   29:	  0056	80 0A		    SJMP Delay
   30:
   31:	  0058			Next3:
   32:	  0058	C2 82		    CLR P0.2
   33:	  005A	D2 83		    SETB P0.3
   34:	  005C	80 04		    SJMP Delay
   35:
   36:	  005E			Next4:
   37:	  005E	C2 83		    CLR P0.3 ; Turn off fourth LED
   38:	  0060	80 CE		    SJMP Start ; Restart the cycle
   39:
   40:	  0062			Delay:
   41:	  0062	7A 10		    MOV R2, #10h
   42:	  0064			DelayLoop:
   43:	  0064	DA FE		    DJNZ R2, DelayLoop

ASEM-51 V1.3                                         Copyright (c) 2002 by W.W. Heinz                                         PAGE 2



 Line  I  Addr  Code            Source

   44:	  0066	80 C8		    SJMP Start
   45:				END





                     register banks used:  ---

                     no errors




ASEM-51 V1.3                                         Copyright (c) 2002 by W.W. Heinz                                         PAGE 3





	       L I S T   O F   S Y M B O L S
	       =============================


SYMBOL				  TYPE     VALUE	LINE
------------------------------------------------------------
??ASEM_51			  NUMBER    8051
??VERSION			  NUMBER    0130
AC				  BIT	      D6
ACC				  DATA	      E0
B				  DATA	      F0
CHECKLED			  CODE	    003F	  14
CY				  BIT	      D7
DELAY				  CODE	    0062	  40
DELAYLOOP			  CODE	    0064	  42
DPH				  DATA	      83
DPL				  DATA	      82
EA				  BIT	      AF
ES				  BIT	      AC
ET0				  BIT	      A9
ET1				  BIT	      AB
EX0				  BIT	      A8
EX1				  BIT	      AA
EXTI0				  CODE	    0003
EXTI1				  CODE	    0013
F0				  BIT	      D5
IE				  DATA	      A8
IE0				  BIT	      89
IE1				  BIT	      8B
INT0				  BIT	      B2
INT1				  BIT	      B3
IP				  DATA	      B8
IT0				  BIT	      88
IT1				  BIT	      8A
NEXT1				  CODE	    004C	  21
NEXT2				  CODE	    0052	  26
NEXT3				  CODE	    0058	  31
NEXT4				  CODE	    005E	  36
OV				  BIT	      D2
P				  BIT	      D0
P0				  DATA	      80
P1				  DATA	      90
P2				  DATA	      A0
P3				  DATA	      B0
PCON				  DATA	      87
PS				  BIT	      BC
PSW				  DATA	      D0
PT0				  BIT	      B9
PT1				  BIT	      BB
PX0				  BIT	      B8
PX1				  BIT	      BA
RB8				  BIT	      9A
RD				  BIT	      B7
REN				  BIT	      9C
RESET				  CODE	    0000
RI				  BIT	      98

ASEM-51 V1.3                                         Copyright (c) 2002 by W.W. Heinz                                         PAGE 4



SYMBOL				  TYPE     VALUE	LINE
------------------------------------------------------------
RS0				  BIT	      D3
RS1				  BIT	      D4
RXD				  BIT	      B0
SBUF				  DATA	      99
SCON				  DATA	      98
SINT				  CODE	    0023
SM0				  BIT	      9F
SM1				  BIT	      9E
SM2				  BIT	      9D
SP				  DATA	      81
START				  CODE	    0030	   5
T0				  BIT	      B4
T1				  BIT	      B5
TB8				  BIT	      9B
TCON				  DATA	      88
TF0				  BIT	      8D
TF1				  BIT	      8F
TH0				  DATA	      8C
TH1				  DATA	      8D
TI				  BIT	      99
TIMER0				  CODE	    000B
TIMER1				  CODE	    001B
TL0				  DATA	      8A
TL1				  DATA	      8B
TMOD				  DATA	      89
TR0				  BIT	      8C
TR1				  BIT	      8E
TXD				  BIT	      B1
WR				  BIT	      B6
